<?xml version="1.0" encoding="UTF-8"?>
<!-- Generated by org.testng.reporters.JUnitXMLReporter -->
<testsuite ignored="0" hostname="LAPTOP-JQ9ECS6F" failures="0" tests="2" name="Default test" time="278.902" errors="0" timestamp="2024-03-11T13:23:16 IST">
  <testcase classname="webstauranttest.WebstaurantSearchItemTest" name="testAddStainlessTableToCart" time="148.163"/>
  <testcase classname="webstauranttest.WebstaurantSearchItemTest" name="testAddWoodTableToCart" time="130.406"/>
</testsuite> <!-- Default test -->
