<?xml version="1.0" encoding="UTF-8"?>
<testng-results ignored="0" total="2" passed="2" failed="0" skipped="0">
  <reporter-output>
  </reporter-output>
  <suite started-at="2024-03-11T13:18:37 IST" name="Default suite" finished-at="2024-03-11T13:23:16 IST" duration-ms="278902">
    <groups>
    </groups>
    <test started-at="2024-03-11T13:18:37 IST" name="Default test" finished-at="2024-03-11T13:23:16 IST" duration-ms="278902">
      <class name="webstauranttest.WebstaurantSearchItemTest">
        <test-method is-config="true" signature="driverSetup()[pri:0, instance:webstauranttest.WebstaurantSearchItemTest@6c61a903]" started-at="2024-03-11T13:18:29 IST" name="driverSetup" finished-at="2024-03-11T13:18:37 IST" duration-ms="7563" status="PASS">
          <reporter-output>
          </reporter-output>
        </test-method> <!-- driverSetup -->
        <test-method is-config="true" signature="initPageObject()[pri:0, instance:webstauranttest.WebstaurantSearchItemTest@6c61a903]" started-at="2024-03-11T13:18:37 IST" name="initPageObject" finished-at="2024-03-11T13:18:37 IST" duration-ms="227" status="PASS">
          <reporter-output>
          </reporter-output>
        </test-method> <!-- initPageObject -->
        <test-method signature="testAddStainlessTableToCart()[pri:0, instance:webstauranttest.WebstaurantSearchItemTest@6c61a903]" started-at="2024-03-11T13:18:37 IST" name="testAddStainlessTableToCart" finished-at="2024-03-11T13:21:05 IST" duration-ms="148163" status="PASS">
          <reporter-output>
          </reporter-output>
        </test-method> <!-- testAddStainlessTableToCart -->
        <test-method signature="testAddWoodTableToCart()[pri:0, instance:webstauranttest.WebstaurantSearchItemTest@6c61a903]" started-at="2024-03-11T13:21:05 IST" name="testAddWoodTableToCart" finished-at="2024-03-11T13:23:16 IST" duration-ms="130406" status="PASS">
          <reporter-output>
          </reporter-output>
        </test-method> <!-- testAddWoodTableToCart -->
        <test-method is-config="true" signature="driverClose(org.testng.ITestContext)[pri:0, instance:webstauranttest.WebstaurantSearchItemTest@6c61a903]" started-at="2024-03-11T13:23:16 IST" name="driverClose" finished-at="2024-03-11T13:23:18 IST" duration-ms="1640" status="PASS">
          <params>
            <param index="0">
              <value>
                <![CDATA[org.testng.TestRunner@4c00c8ce]]>
              </value>
            </param>
          </params>
          <reporter-output>
          </reporter-output>
        </test-method> <!-- driverClose -->
      </class> <!-- webstauranttest.WebstaurantSearchItemTest -->
    </test> <!-- Default test -->
  </suite> <!-- Default suite -->
</testng-results>
